Build started 11/20/2015 10:01:55 AM.
     1>Project "z:\documents\Visual Studio 2015\Projects\CST136_MainGame_RyanBell\CST136_MainGame_Ryan_Bell\CST136_MainGame_Ryan_Bell.vcxproj" on node 2 (Build target(s)).
     1>ClCompile:
         C:\Program Files (x86)\Microsoft Visual Studio 14.0\VC\bin\CL.exe /c /ZI /nologo /W3 /WX- /sdl /Od /Oy- /D _MBCS /Gm /EHsc /RTC1 /MDd /GS /fp:precise /Zc:wchar_t /Zc:forScope /Zc:inline /Fo"Debug\\" /Fd"Debug\vc140.pdb" /Gd /TP /analyze- /errorReport:prompt Main.cpp cGameEngine.cpp
         Main.cpp
         Generating Code...
         Compiling...
         cGameEngine.cpp
         Generating Code...
       Link:
         C:\Program Files (x86)\Microsoft Visual Studio 14.0\VC\bin\link.exe /ERRORREPORT:PROMPT /OUT:"z:\documents\Visual Studio 2015\Projects\CST136_MainGame_RyanBell\Debug\CST136_MainGame_Ryan_Bell.exe" /INCREMENTAL /NOLOGO SDL2.lib SDL2main.lib SDL2_image.lib kernel32.lib user32.lib gdi32.lib winspool.lib comdlg32.lib advapi32.lib shell32.lib ole32.lib oleaut32.lib uuid.lib odbc32.lib odbccp32.lib /MANIFEST /MANIFESTUAC:"level='asInvoker' uiAccess='false'" /manifest:embed /Debug /PDB:"z:\documents\Visual Studio 2015\Projects\CST136_MainGame_RyanBell\Debug\CST136_MainGame_Ryan_Bell.pdb" /SUBSYSTEM:CONSOLE /TLBID:1 /DYNAMICBASE /NXCOMPAT /IMPLIB:"z:\documents\Visual Studio 2015\Projects\CST136_MainGame_RyanBell\Debug\CST136_MainGame_Ryan_Bell.lib" /MACHINE:X86 Debug\cArrow.obj
         Debug\cBubble.obj
         Debug\cFirePopBubble.obj
         Debug\cGameEngine.obj
         Debug\cBubblePhysics.obj
         Debug\cMatchColorBubble.obj
         Debug\cPopAllSameColorBubble.obj
         Debug\cRandomColorBubble.obj
         Debug\cRegularBubble.obj
         Debug\cRender.obj
         Debug\cStaticBubble.obj
         Debug\Main.obj
         CST136_MainGame_Ryan_Bell.vcxproj -> z:\documents\Visual Studio 2015\Projects\CST136_MainGame_RyanBell\Debug\CST136_MainGame_Ryan_Bell.exe
     1>Done Building Project "z:\documents\Visual Studio 2015\Projects\CST136_MainGame_RyanBell\CST136_MainGame_Ryan_Bell\CST136_MainGame_Ryan_Bell.vcxproj" (Build target(s)).

Build succeeded.

Time Elapsed 00:00:05.90
