c:\users\ryanmgeek\documents\visual studio 2015\projects\cst136_maingame_ryan_bell\cst136_maingame_ryan_bell\debug\vc140.pdb
c:\users\ryanmgeek\documents\visual studio 2015\projects\cst136_maingame_ryan_bell\cst136_maingame_ryan_bell\debug\vc140.idb
c:\users\ryanmgeek\documents\visual studio 2015\projects\cst136_maingame_ryan_bell\cst136_maingame_ryan_bell\debug\carrow.obj
c:\users\ryanmgeek\documents\visual studio 2015\projects\cst136_maingame_ryan_bell\cst136_maingame_ryan_bell\debug\cbubble.obj
c:\users\ryanmgeek\documents\visual studio 2015\projects\cst136_maingame_ryan_bell\cst136_maingame_ryan_bell\debug\cfirepopbubble.obj
c:\users\ryanmgeek\documents\visual studio 2015\projects\cst136_maingame_ryan_bell\cst136_maingame_ryan_bell\debug\cbubblephysics.obj
c:\users\ryanmgeek\documents\visual studio 2015\projects\cst136_maingame_ryan_bell\cst136_maingame_ryan_bell\debug\cmatchcolorbubble.obj
c:\users\ryanmgeek\documents\visual studio 2015\projects\cst136_maingame_ryan_bell\cst136_maingame_ryan_bell\debug\cpopallsamecolorbubble.obj
c:\users\ryanmgeek\documents\visual studio 2015\projects\cst136_maingame_ryan_bell\cst136_maingame_ryan_bell\debug\crandomcolorbubble.obj
c:\users\ryanmgeek\documents\visual studio 2015\projects\cst136_maingame_ryan_bell\cst136_maingame_ryan_bell\debug\cregularbubble.obj
c:\users\ryanmgeek\documents\visual studio 2015\projects\cst136_maingame_ryan_bell\cst136_maingame_ryan_bell\debug\cstaticbubble.obj
c:\users\ryanmgeek\documents\visual studio 2015\projects\cst136_maingame_ryan_bell\cst136_maingame_ryan_bell\debug\main.obj
c:\users\ryanmgeek\documents\visual studio 2015\projects\cst136_maingame_ryan_bell\cst136_maingame_ryan_bell\debug\cgameengine.obj
c:\users\ryanmgeek\documents\visual studio 2015\projects\cst136_maingame_ryan_bell\cst136_maingame_ryan_bell\debug\crender.obj
z:\documents\visual studio 2015\projects\cst136_maingame_ryanbell\debug\cst136_maingame_ryan_bell.ilk
z:\documents\visual studio 2015\projects\cst136_maingame_ryanbell\debug\cst136_maingame_ryan_bell.exe
z:\documents\visual studio 2015\projects\cst136_maingame_ryanbell\debug\cst136_maingame_ryan_bell.pdb
c:\users\ryanmgeek\documents\visual studio 2015\projects\cst136_maingame_ryan_bell\debug\cst136_maingame_ryan_bell.pdb
c:\users\ryanmgeek\documents\visual studio 2015\projects\cst136_maingame_ryan_bell\cst136_maingame_ryan_bell\debug\cst136_m.a725cb83.tlog\cl.command.1.tlog
c:\users\ryanmgeek\documents\visual studio 2015\projects\cst136_maingame_ryan_bell\cst136_maingame_ryan_bell\debug\cst136_m.a725cb83.tlog\cl.read.1.tlog
c:\users\ryanmgeek\documents\visual studio 2015\projects\cst136_maingame_ryan_bell\cst136_maingame_ryan_bell\debug\cst136_m.a725cb83.tlog\cl.write.1.tlog
c:\users\ryanmgeek\documents\visual studio 2015\projects\cst136_maingame_ryan_bell\cst136_maingame_ryan_bell\debug\cst136_m.a725cb83.tlog\link.command.1.tlog
c:\users\ryanmgeek\documents\visual studio 2015\projects\cst136_maingame_ryan_bell\cst136_maingame_ryan_bell\debug\cst136_m.a725cb83.tlog\link.read.1.tlog
c:\users\ryanmgeek\documents\visual studio 2015\projects\cst136_maingame_ryan_bell\cst136_maingame_ryan_bell\debug\cst136_m.a725cb83.tlog\link.write.1.tlog
